0 info it worked if it ends with ok
1 verbose cli [ 'D:\\nodejs\\node.exe',
1 verbose cli   'D:\\nodejs\\node_modules\\npm\\bin\\npm-cli.js',
1 verbose cli   'run',
1 verbose cli   'test' ]
2 info using npm@3.10.10
3 info using node@v6.11.4
4 verbose run-script [ 'pretest', 'test', 'posttest' ]
5 info lifecycle 6_makinguberapi@1.0.0~pretest: 6_makinguberapi@1.0.0
6 silly lifecycle 6_makinguberapi@1.0.0~pretest: no script for pretest, continuing
7 info lifecycle 6_makinguberapi@1.0.0~test: 6_makinguberapi@1.0.0
8 verbose lifecycle 6_makinguberapi@1.0.0~test: unsafe-perm in lifecycle true
9 verbose lifecycle 6_makinguberapi@1.0.0~test: PATH: D:\nodejs\node_modules\npm\bin\node-gyp-bin;D:\codingplace\mongoDB\workspace\6_makingUberAPI\node_modules\.bin;C:\ProgramData\Oracle\Java\javapath;D:\Java\jdk1.8.0_131\bin;C:\WINDOWS\system32;C:\WINDOWS;C:\WINDOWS\System32\Wbem;C:\WINDOWS\System32\WindowsPowerShell\v1.0\;C:\Program Files (x86)\NVIDIA Corporation\PhysX\Common;C:\WINDOWS\system32;C:\WINDOWS;C:\WINDOWS\System32\Wbem;C:\WINDOWS\System32\WindowsPowerShell\v1.0\;D:\nodejs\;C:\Program Files\MongoDB\Server\3.4\bin;C:\Program Files\Git\bin;C:\Python\;C:\Python\Scripts;D:\heroku\bin;D:\R-3.4.2\bin;C:\Program Files\MySQL\MySQL Utilities 1.6\;C:\Program Files\MySQL\MySQL Server 5.7\bin;D:\anaconda;D:\anaconda\Scripts;C:\Python\Scripts\;C:\Python\;D:\반디집\Bandizip\7z;C:\Users\my pc\AppData\Local\atom\bin;C:\Users\my pc\AppData\Local\Microsoft\WindowsApps;C:\Users\my pc\AppData\Roaming\npm;D:\heroku\bin;
10 verbose lifecycle 6_makinguberapi@1.0.0~test: CWD: D:\codingplace\mongoDB\workspace\6_makingUberAPI
11 silly lifecycle 6_makinguberapi@1.0.0~test: Args: [ '/d /s /c',
11 silly lifecycle   'cross-env NODE_ENV=test nodemon --exec \'mocha --recursive -R min\'' ]
12 verbose stack Error: kill ENOSYS
12 verbose stack     at Object.exports._errnoException (util.js:1020:11)
12 verbose stack     at process.kill (internal/process.js:191:18)
12 verbose stack     at process.listener (D:\nodejs\node_modules\npm\node_modules\npmlog\node_modules\gauge\node_modules\signal-exit\index.js:86:15)
12 verbose stack     at emitNone (events.js:91:20)
12 verbose stack     at process.emit (events.js:185:7)
12 verbose stack     at processEmit (D:\nodejs\node_modules\npm\node_modules\npmlog\node_modules\gauge\node_modules\signal-exit\index.js:146:32)
12 verbose stack     at processEmit (D:\nodejs\node_modules\npm\node_modules\npm-registry-client\node_modules\npmlog\node_modules\gauge\node_modules\signal-exit\index.js:146:32)
12 verbose stack     at Signal.wrap.onsignal (internal/process.js:217:44)
13 verbose cwd D:\codingplace\mongoDB\workspace\6_makingUberAPI
14 error Windows_NT 10.0.15063
15 error argv "D:\\nodejs\\node.exe" "D:\\nodejs\\node_modules\\npm\\bin\\npm-cli.js" "run" "test"
16 error node v6.11.4
17 error npm  v3.10.10
18 error code ENOSYS
19 error errno ENOSYS
20 error syscall kill
21 error kill ENOSYS
22 error If you need help, you may report this error at:
22 error     <https://github.com/npm/npm/issues>
23 verbose exit [ 1, true ]
